Copyright 1986-2022 Xilinx, Inc. All Rights Reserved.
------------------------------------------------------------------------------------------------------------------------------------------------------------------------------------------------------------------------
| Tool Version : Vivado v.2022.2 (win64) Build 3671981 Fri Oct 14 05:00:03 MDT 2022
| Date         : Fri Mar 22 10:25:36 2024
| Host         : LAPTOP-EVGUFH1G running 64-bit major release  (build 9200)
| Command      : report_timing_summary -max_paths 10 -report_unconstrained -file dsp_slice_timing_summary_routed.rpt -pb dsp_slice_timing_summary_routed.pb -rpx dsp_slice_timing_summary_routed.rpx -warn_on_violation
| Design       : dsp_slice
| Device       : 7k70t-fbv676
| Speed File   : -1  PRODUCTION 1.12 2017-02-17
------------------------------------------------------------------------------------------------------------------------------------------------------------------------------------------------------------------------

Timing Summary Report

------------------------------------------------------------------------------------------------
| Timer Settings
| --------------
------------------------------------------------------------------------------------------------

  Enable Multi Corner Analysis               :  Yes
  Enable Pessimism Removal                   :  Yes
  Pessimism Removal Resolution               :  Nearest Common Node
  Enable Input Delay Default Clock           :  No
  Enable Preset / Clear Arcs                 :  No
  Disable Flight Delays                      :  No
  Ignore I/O Paths                           :  No
  Timing Early Launch at Borrowing Latches   :  No
  Borrow Time for Max Delay Exceptions       :  Yes
  Merge Timing Exceptions                    :  Yes

  Corner  Analyze    Analyze    
  Name    Max Paths  Min Paths  
  ------  ---------  ---------  
  Slow    Yes        Yes        
  Fast    Yes        Yes        


------------------------------------------------------------------------------------------------
| Report Methodology
| ------------------
------------------------------------------------------------------------------------------------

No report available as report_methodology has not been run prior. Run report_methodology on the current design for the summary of methodology violations.



check_timing report

Table of Contents
-----------------
1. checking no_clock (0)
2. checking constant_clock (0)
3. checking pulse_width_clock (0)
4. checking unconstrained_internal_endpoints (0)
5. checking no_input_delay (0)
6. checking no_output_delay (0)
7. checking multiple_clock (0)
8. checking generated_clocks (0)
9. checking loops (0)
10. checking partial_input_delay (0)
11. checking partial_output_delay (0)
12. checking latch_loops (0)

1. checking no_clock (0)
------------------------
 There are 0 register/latch pins with no clock.


2. checking constant_clock (0)
------------------------------
 There are 0 register/latch pins with constant_clock.


3. checking pulse_width_clock (0)
---------------------------------
 There are 0 register/latch pins which need pulse_width check


4. checking unconstrained_internal_endpoints (0)
------------------------------------------------
 There are 0 pins that are not constrained for maximum delay.

 There are 0 pins that are not constrained for maximum delay due to constant clock.


5. checking no_input_delay (0)
------------------------------
 There are 0 input ports with no input delay specified.

 There are 0 input ports with no input delay but user has a false path constraint.


6. checking no_output_delay (0)
-------------------------------
 There are 0 ports with no output delay specified.

 There are 0 ports with no output delay but user has a false path constraint

 There are 0 ports with no output delay but with a timing clock defined on it or propagating through it


7. checking multiple_clock (0)
------------------------------
 There are 0 register/latch pins with multiple clocks.


8. checking generated_clocks (0)
--------------------------------
 There are 0 generated clocks that are not connected to a clock source.


9. checking loops (0)
---------------------
 There are 0 combinational loops in the design.


10. checking partial_input_delay (0)
------------------------------------
 There are 0 input ports with partial input delay specified.


11. checking partial_output_delay (0)
-------------------------------------
 There are 0 ports with partial output delay specified.


12. checking latch_loops (0)
----------------------------
 There are 0 combinational latch loops in the design through latch input



------------------------------------------------------------------------------------------------
| Design Timing Summary
| ---------------------
------------------------------------------------------------------------------------------------

    WNS(ns)      TNS(ns)  TNS Failing Endpoints  TNS Total Endpoints      WHS(ns)      THS(ns)  THS Failing Endpoints  THS Total Endpoints     WPWS(ns)     TPWS(ns)  TPWS Failing Endpoints  TPWS Total Endpoints  
    -------      -------  ---------------------  -------------------      -------      -------  ---------------------  -------------------     --------     --------  ----------------------  --------------------  
        inf        0.000                      0                   32          inf        0.000                      0                   32           NA           NA                      NA                    NA  


There are no user specified timing constraints.


------------------------------------------------------------------------------------------------
| Clock Summary
| -------------
------------------------------------------------------------------------------------------------


------------------------------------------------------------------------------------------------
| Intra Clock Table
| -----------------
------------------------------------------------------------------------------------------------

Clock             WNS(ns)      TNS(ns)  TNS Failing Endpoints  TNS Total Endpoints      WHS(ns)      THS(ns)  THS Failing Endpoints  THS Total Endpoints     WPWS(ns)     TPWS(ns)  TPWS Failing Endpoints  TPWS Total Endpoints  
-----             -------      -------  ---------------------  -------------------      -------      -------  ---------------------  -------------------     --------     --------  ----------------------  --------------------  


------------------------------------------------------------------------------------------------
| Inter Clock Table
| -----------------
------------------------------------------------------------------------------------------------

From Clock    To Clock          WNS(ns)      TNS(ns)  TNS Failing Endpoints  TNS Total Endpoints      WHS(ns)      THS(ns)  THS Failing Endpoints  THS Total Endpoints  
----------    --------          -------      -------  ---------------------  -------------------      -------      -------  ---------------------  -------------------  


------------------------------------------------------------------------------------------------
| Other Path Groups Table
| -----------------------
------------------------------------------------------------------------------------------------

Path Group    From Clock    To Clock          WNS(ns)      TNS(ns)  TNS Failing Endpoints  TNS Total Endpoints      WHS(ns)      THS(ns)  THS Failing Endpoints  THS Total Endpoints  
----------    ----------    --------          -------      -------  ---------------------  -------------------      -------      -------  ---------------------  -------------------  


------------------------------------------------------------------------------------------------
| User Ignored Path Table
| -----------------------
------------------------------------------------------------------------------------------------

Path Group    From Clock    To Clock    
----------    ----------    --------    


------------------------------------------------------------------------------------------------
| Unconstrained Path Table
| ------------------------
------------------------------------------------------------------------------------------------

Path Group    From Clock    To Clock    
----------    ----------    --------    
(none)                                    


------------------------------------------------------------------------------------------------
| Timing Details
| --------------
------------------------------------------------------------------------------------------------


--------------------------------------------------------------------------------------
Path Group:  (none)
From Clock:  
  To Clock:  

Max Delay            32 Endpoints
Min Delay            32 Endpoints
--------------------------------------------------------------------------------------


Max Delay Paths
--------------------------------------------------------------------------------------
Slack:                    inf
  Source:                 a[6]
                            (input port)
  Destination:            result[0]
                            (output port)
  Path Group:             (none)
  Path Type:              Max at Slow Process Corner
  Data Path Delay:        10.776ns  (logic 6.548ns (60.765%)  route 4.228ns (39.235%))
  Logic Levels:           3  (DSP48E1=1 IBUF=1 OBUF=1)

    Location             Delay type                Incr(ns)  Path(ns)    Netlist Resource(s)
  -------------------------------------------------------------------    -------------------
    N18                                               0.000     0.000 r  a[6] (IN)
                         net (fo=0)                   0.000     0.000    a[6]
    N18                  IBUF (Prop_ibuf_I_O)         0.828     0.828 r  a_IBUF[6]_inst/O
                         net (fo=1, routed)           1.910     2.738    a_IBUF[6]
    DSP48_X0Y16          DSP48E1 (Prop_dsp48e1_A[6]_P[0])
                                                      3.255     5.993 r  result0/P[0]
                         net (fo=1, routed)           2.318     8.311    result_OBUF[0]
    T22                  OBUF (Prop_obuf_I_O)         2.465    10.776 r  result_OBUF[0]_inst/O
                         net (fo=0)                   0.000    10.776    result[0]
    T22                                                               r  result[0] (OUT)
  -------------------------------------------------------------------    -------------------

Slack:                    inf
  Source:                 a[6]
                            (input port)
  Destination:            result[4]
                            (output port)
  Path Group:             (none)
  Path Type:              Max at Slow Process Corner
  Data Path Delay:        10.666ns  (logic 6.552ns (61.429%)  route 4.114ns (38.571%))
  Logic Levels:           3  (DSP48E1=1 IBUF=1 OBUF=1)

    Location             Delay type                Incr(ns)  Path(ns)    Netlist Resource(s)
  -------------------------------------------------------------------    -------------------
    N18                                               0.000     0.000 r  a[6] (IN)
                         net (fo=0)                   0.000     0.000    a[6]
    N18                  IBUF (Prop_ibuf_I_O)         0.828     0.828 r  a_IBUF[6]_inst/O
                         net (fo=1, routed)           1.910     2.738    a_IBUF[6]
    DSP48_X0Y16          DSP48E1 (Prop_dsp48e1_A[6]_P[4])
                                                      3.255     5.993 r  result0/P[4]
                         net (fo=1, routed)           2.204     8.197    result_OBUF[4]
    T24                  OBUF (Prop_obuf_I_O)         2.469    10.666 r  result_OBUF[4]_inst/O
                         net (fo=0)                   0.000    10.666    result[4]
    T24                                                               r  result[4] (OUT)
  -------------------------------------------------------------------    -------------------

Slack:                    inf
  Source:                 a[6]
                            (input port)
  Destination:            result[6]
                            (output port)
  Path Group:             (none)
  Path Type:              Max at Slow Process Corner
  Data Path Delay:        10.631ns  (logic 6.554ns (61.653%)  route 4.077ns (38.347%))
  Logic Levels:           3  (DSP48E1=1 IBUF=1 OBUF=1)

    Location             Delay type                Incr(ns)  Path(ns)    Netlist Resource(s)
  -------------------------------------------------------------------    -------------------
    N18                                               0.000     0.000 r  a[6] (IN)
                         net (fo=0)                   0.000     0.000    a[6]
    N18                  IBUF (Prop_ibuf_I_O)         0.828     0.828 r  a_IBUF[6]_inst/O
                         net (fo=1, routed)           1.910     2.738    a_IBUF[6]
    DSP48_X0Y16          DSP48E1 (Prop_dsp48e1_A[6]_P[6])
                                                      3.255     5.993 r  result0/P[6]
                         net (fo=1, routed)           2.167     8.160    result_OBUF[6]
    R22                  OBUF (Prop_obuf_I_O)         2.471    10.631 r  result_OBUF[6]_inst/O
                         net (fo=0)                   0.000    10.631    result[6]
    R22                                                               r  result[6] (OUT)
  -------------------------------------------------------------------    -------------------

Slack:                    inf
  Source:                 a[6]
                            (input port)
  Destination:            result[7]
                            (output port)
  Path Group:             (none)
  Path Type:              Max at Slow Process Corner
  Data Path Delay:        10.615ns  (logic 6.540ns (61.612%)  route 4.075ns (38.388%))
  Logic Levels:           3  (DSP48E1=1 IBUF=1 OBUF=1)

    Location             Delay type                Incr(ns)  Path(ns)    Netlist Resource(s)
  -------------------------------------------------------------------    -------------------
    N18                                               0.000     0.000 r  a[6] (IN)
                         net (fo=0)                   0.000     0.000    a[6]
    N18                  IBUF (Prop_ibuf_I_O)         0.828     0.828 r  a_IBUF[6]_inst/O
                         net (fo=1, routed)           1.910     2.738    a_IBUF[6]
    DSP48_X0Y16          DSP48E1 (Prop_dsp48e1_A[6]_P[7])
                                                      3.255     5.993 r  result0/P[7]
                         net (fo=1, routed)           2.165     8.158    result_OBUF[7]
    P21                  OBUF (Prop_obuf_I_O)         2.457    10.615 r  result_OBUF[7]_inst/O
                         net (fo=0)                   0.000    10.615    result[7]
    P21                                                               r  result[7] (OUT)
  -------------------------------------------------------------------    -------------------

Slack:                    inf
  Source:                 a[6]
                            (input port)
  Destination:            result[8]
                            (output port)
  Path Group:             (none)
  Path Type:              Max at Slow Process Corner
  Data Path Delay:        10.609ns  (logic 6.541ns (61.657%)  route 4.068ns (38.343%))
  Logic Levels:           3  (DSP48E1=1 IBUF=1 OBUF=1)

    Location             Delay type                Incr(ns)  Path(ns)    Netlist Resource(s)
  -------------------------------------------------------------------    -------------------
    N18                                               0.000     0.000 r  a[6] (IN)
                         net (fo=0)                   0.000     0.000    a[6]
    N18                  IBUF (Prop_ibuf_I_O)         0.828     0.828 r  a_IBUF[6]_inst/O
                         net (fo=1, routed)           1.910     2.738    a_IBUF[6]
    DSP48_X0Y16          DSP48E1 (Prop_dsp48e1_A[6]_P[8])
                                                      3.255     5.993 r  result0/P[8]
                         net (fo=1, routed)           2.158     8.151    result_OBUF[8]
    R21                  OBUF (Prop_obuf_I_O)         2.458    10.609 r  result_OBUF[8]_inst/O
                         net (fo=0)                   0.000    10.609    result[8]
    R21                                                               r  result[8] (OUT)
  -------------------------------------------------------------------    -------------------

Slack:                    inf
  Source:                 a[6]
                            (input port)
  Destination:            result[1]
                            (output port)
  Path Group:             (none)
  Path Type:              Max at Slow Process Corner
  Data Path Delay:        10.565ns  (logic 6.541ns (61.913%)  route 4.024ns (38.087%))
  Logic Levels:           3  (DSP48E1=1 IBUF=1 OBUF=1)

    Location             Delay type                Incr(ns)  Path(ns)    Netlist Resource(s)
  -------------------------------------------------------------------    -------------------
    N18                                               0.000     0.000 r  a[6] (IN)
                         net (fo=0)                   0.000     0.000    a[6]
    N18                  IBUF (Prop_ibuf_I_O)         0.828     0.828 r  a_IBUF[6]_inst/O
                         net (fo=1, routed)           1.910     2.738    a_IBUF[6]
    DSP48_X0Y16          DSP48E1 (Prop_dsp48e1_A[6]_P[1])
                                                      3.255     5.993 r  result0/P[1]
                         net (fo=1, routed)           2.114     8.107    result_OBUF[1]
    R20                  OBUF (Prop_obuf_I_O)         2.458    10.565 r  result_OBUF[1]_inst/O
                         net (fo=0)                   0.000    10.565    result[1]
    R20                                                               r  result[1] (OUT)
  -------------------------------------------------------------------    -------------------

Slack:                    inf
  Source:                 a[6]
                            (input port)
  Destination:            result[3]
                            (output port)
  Path Group:             (none)
  Path Type:              Max at Slow Process Corner
  Data Path Delay:        10.565ns  (logic 6.555ns (62.044%)  route 4.010ns (37.956%))
  Logic Levels:           3  (DSP48E1=1 IBUF=1 OBUF=1)

    Location             Delay type                Incr(ns)  Path(ns)    Netlist Resource(s)
  -------------------------------------------------------------------    -------------------
    N18                                               0.000     0.000 r  a[6] (IN)
                         net (fo=0)                   0.000     0.000    a[6]
    N18                  IBUF (Prop_ibuf_I_O)         0.828     0.828 r  a_IBUF[6]_inst/O
                         net (fo=1, routed)           1.910     2.738    a_IBUF[6]
    DSP48_X0Y16          DSP48E1 (Prop_dsp48e1_A[6]_P[3])
                                                      3.255     5.993 r  result0/P[3]
                         net (fo=1, routed)           2.100     8.093    result_OBUF[3]
    T25                  OBUF (Prop_obuf_I_O)         2.472    10.565 r  result_OBUF[3]_inst/O
                         net (fo=0)                   0.000    10.565    result[3]
    T25                                                               r  result[3] (OUT)
  -------------------------------------------------------------------    -------------------

Slack:                    inf
  Source:                 a[6]
                            (input port)
  Destination:            result[5]
                            (output port)
  Path Group:             (none)
  Path Type:              Max at Slow Process Corner
  Data Path Delay:        10.555ns  (logic 6.552ns (62.081%)  route 4.002ns (37.919%))
  Logic Levels:           3  (DSP48E1=1 IBUF=1 OBUF=1)

    Location             Delay type                Incr(ns)  Path(ns)    Netlist Resource(s)
  -------------------------------------------------------------------    -------------------
    N18                                               0.000     0.000 r  a[6] (IN)
                         net (fo=0)                   0.000     0.000    a[6]
    N18                  IBUF (Prop_ibuf_I_O)         0.828     0.828 r  a_IBUF[6]_inst/O
                         net (fo=1, routed)           1.910     2.738    a_IBUF[6]
    DSP48_X0Y16          DSP48E1 (Prop_dsp48e1_A[6]_P[5])
                                                      3.255     5.993 r  result0/P[5]
                         net (fo=1, routed)           2.092     8.085    result_OBUF[5]
    R23                  OBUF (Prop_obuf_I_O)         2.469    10.555 r  result_OBUF[5]_inst/O
                         net (fo=0)                   0.000    10.555    result[5]
    R23                                                               r  result[5] (OUT)
  -------------------------------------------------------------------    -------------------

Slack:                    inf
  Source:                 a[6]
                            (input port)
  Destination:            result[2]
                            (output port)
  Path Group:             (none)
  Path Type:              Max at Slow Process Corner
  Data Path Delay:        10.535ns  (logic 6.537ns (62.053%)  route 3.998ns (37.947%))
  Logic Levels:           3  (DSP48E1=1 IBUF=1 OBUF=1)

    Location             Delay type                Incr(ns)  Path(ns)    Netlist Resource(s)
  -------------------------------------------------------------------    -------------------
    N18                                               0.000     0.000 r  a[6] (IN)
                         net (fo=0)                   0.000     0.000    a[6]
    N18                  IBUF (Prop_ibuf_I_O)         0.828     0.828 r  a_IBUF[6]_inst/O
                         net (fo=1, routed)           1.910     2.738    a_IBUF[6]
    DSP48_X0Y16          DSP48E1 (Prop_dsp48e1_A[6]_P[2])
                                                      3.255     5.993 r  result0/P[2]
                         net (fo=1, routed)           2.088     8.081    result_OBUF[2]
    T20                  OBUF (Prop_obuf_I_O)         2.454    10.535 r  result_OBUF[2]_inst/O
                         net (fo=0)                   0.000    10.535    result[2]
    T20                                                               r  result[2] (OUT)
  -------------------------------------------------------------------    -------------------

Slack:                    inf
  Source:                 a[6]
                            (input port)
  Destination:            result[12]
                            (output port)
  Path Group:             (none)
  Path Type:              Max at Slow Process Corner
  Data Path Delay:        10.497ns  (logic 6.560ns (62.495%)  route 3.937ns (37.505%))
  Logic Levels:           3  (DSP48E1=1 IBUF=1 OBUF=1)

    Location             Delay type                Incr(ns)  Path(ns)    Netlist Resource(s)
  -------------------------------------------------------------------    -------------------
    N18                                               0.000     0.000 r  a[6] (IN)
                         net (fo=0)                   0.000     0.000    a[6]
    N18                  IBUF (Prop_ibuf_I_O)         0.828     0.828 r  a_IBUF[6]_inst/O
                         net (fo=1, routed)           1.910     2.738    a_IBUF[6]
    DSP48_X0Y16          DSP48E1 (Prop_dsp48e1_A[6]_P[12])
                                                      3.255     5.993 r  result0/P[12]
                         net (fo=1, routed)           2.027     8.020    result_OBUF[12]
    P23                  OBUF (Prop_obuf_I_O)         2.477    10.497 r  result_OBUF[12]_inst/O
                         net (fo=0)                   0.000    10.497    result[12]
    P23                                                               r  result[12] (OUT)
  -------------------------------------------------------------------    -------------------





Min Delay Paths
--------------------------------------------------------------------------------------
Slack:                    inf
  Source:                 c[1]
                            (input port)
  Destination:            result[26]
                            (output port)
  Path Group:             (none)
  Path Type:              Min at Fast Process Corner
  Data Path Delay:        3.028ns  (logic 1.696ns (55.995%)  route 1.332ns (44.005%))
  Logic Levels:           3  (DSP48E1=1 IBUF=1 OBUF=1)

    Location             Delay type                Incr(ns)  Path(ns)    Netlist Resource(s)
  -------------------------------------------------------------------    -------------------
    G26                                               0.000     0.000 r  c[1] (IN)
                         net (fo=0)                   0.000     0.000    c[1]
    G26                  IBUF (Prop_ibuf_I_O)         0.142     0.142 r  c_IBUF[1]_inst/O
                         net (fo=1, routed)           0.823     0.965    c_IBUF[1]
    DSP48_X0Y16          DSP48E1 (Prop_dsp48e1_C[1]_P[26])
                                                      0.256     1.221 r  result0/P[26]
                         net (fo=1, routed)           0.510     1.731    result_OBUF[26]
    P24                  OBUF (Prop_obuf_I_O)         1.297     3.028 r  result_OBUF[26]_inst/O
                         net (fo=0)                   0.000     3.028    result[26]
    P24                                                               r  result[26] (OUT)
  -------------------------------------------------------------------    -------------------

Slack:                    inf
  Source:                 c[1]
                            (input port)
  Destination:            result[20]
                            (output port)
  Path Group:             (none)
  Path Type:              Min at Fast Process Corner
  Data Path Delay:        3.032ns  (logic 1.685ns (55.588%)  route 1.347ns (44.412%))
  Logic Levels:           3  (DSP48E1=1 IBUF=1 OBUF=1)

    Location             Delay type                Incr(ns)  Path(ns)    Netlist Resource(s)
  -------------------------------------------------------------------    -------------------
    G26                                               0.000     0.000 r  c[1] (IN)
                         net (fo=0)                   0.000     0.000    c[1]
    G26                  IBUF (Prop_ibuf_I_O)         0.142     0.142 r  c_IBUF[1]_inst/O
                         net (fo=1, routed)           0.823     0.965    c_IBUF[1]
    DSP48_X0Y16          DSP48E1 (Prop_dsp48e1_C[1]_P[20])
                                                      0.256     1.221 r  result0/P[20]
                         net (fo=1, routed)           0.524     1.745    result_OBUF[20]
    N19                  OBUF (Prop_obuf_I_O)         1.287     3.032 r  result_OBUF[20]_inst/O
                         net (fo=0)                   0.000     3.032    result[20]
    N19                                                               r  result[20] (OUT)
  -------------------------------------------------------------------    -------------------

Slack:                    inf
  Source:                 c[1]
                            (input port)
  Destination:            result[22]
                            (output port)
  Path Group:             (none)
  Path Type:              Min at Fast Process Corner
  Data Path Delay:        3.048ns  (logic 1.699ns (55.743%)  route 1.349ns (44.257%))
  Logic Levels:           3  (DSP48E1=1 IBUF=1 OBUF=1)

    Location             Delay type                Incr(ns)  Path(ns)    Netlist Resource(s)
  -------------------------------------------------------------------    -------------------
    G26                                               0.000     0.000 r  c[1] (IN)
                         net (fo=0)                   0.000     0.000    c[1]
    G26                  IBUF (Prop_ibuf_I_O)         0.142     0.142 r  c_IBUF[1]_inst/O
                         net (fo=1, routed)           0.823     0.965    c_IBUF[1]
    DSP48_X0Y16          DSP48E1 (Prop_dsp48e1_C[1]_P[22])
                                                      0.256     1.221 r  result0/P[22]
                         net (fo=1, routed)           0.526     1.747    result_OBUF[22]
    R25                  OBUF (Prop_obuf_I_O)         1.301     3.048 r  result_OBUF[22]_inst/O
                         net (fo=0)                   0.000     3.048    result[22]
    R25                                                               r  result[22] (OUT)
  -------------------------------------------------------------------    -------------------

Slack:                    inf
  Source:                 c[1]
                            (input port)
  Destination:            result[24]
                            (output port)
  Path Group:             (none)
  Path Type:              Min at Fast Process Corner
  Data Path Delay:        3.049ns  (logic 1.717ns (56.303%)  route 1.332ns (43.697%))
  Logic Levels:           3  (DSP48E1=1 IBUF=1 OBUF=1)

    Location             Delay type                Incr(ns)  Path(ns)    Netlist Resource(s)
  -------------------------------------------------------------------    -------------------
    G26                                               0.000     0.000 r  c[1] (IN)
                         net (fo=0)                   0.000     0.000    c[1]
    G26                  IBUF (Prop_ibuf_I_O)         0.142     0.142 r  c_IBUF[1]_inst/O
                         net (fo=1, routed)           0.823     0.965    c_IBUF[1]
    DSP48_X0Y16          DSP48E1 (Prop_dsp48e1_C[1]_P[24])
                                                      0.256     1.221 r  result0/P[24]
                         net (fo=1, routed)           0.510     1.731    result_OBUF[24]
    N26                  OBUF (Prop_obuf_I_O)         1.319     3.049 r  result_OBUF[24]_inst/O
                         net (fo=0)                   0.000     3.049    result[24]
    N26                                                               r  result[24] (OUT)
  -------------------------------------------------------------------    -------------------

Slack:                    inf
  Source:                 c[1]
                            (input port)
  Destination:            result[30]
                            (output port)
  Path Group:             (none)
  Path Type:              Min at Fast Process Corner
  Data Path Delay:        3.050ns  (logic 1.703ns (55.849%)  route 1.347ns (44.151%))
  Logic Levels:           3  (DSP48E1=1 IBUF=1 OBUF=1)

    Location             Delay type                Incr(ns)  Path(ns)    Netlist Resource(s)
  -------------------------------------------------------------------    -------------------
    G26                                               0.000     0.000 r  c[1] (IN)
                         net (fo=0)                   0.000     0.000    c[1]
    G26                  IBUF (Prop_ibuf_I_O)         0.142     0.142 r  c_IBUF[1]_inst/O
                         net (fo=1, routed)           0.823     0.965    c_IBUF[1]
    DSP48_X0Y16          DSP48E1 (Prop_dsp48e1_C[1]_P[30])
                                                      0.256     1.221 r  result0/P[30]
                         net (fo=1, routed)           0.524     1.745    result_OBUF[30]
    R26                  OBUF (Prop_obuf_I_O)         1.305     3.050 r  result_OBUF[30]_inst/O
                         net (fo=0)                   0.000     3.050    result[30]
    R26                                                               r  result[30] (OUT)
  -------------------------------------------------------------------    -------------------

Slack:                    inf
  Source:                 c[1]
                            (input port)
  Destination:            result[25]
                            (output port)
  Path Group:             (none)
  Path Type:              Min at Fast Process Corner
  Data Path Delay:        3.051ns  (logic 1.706ns (55.927%)  route 1.345ns (44.073%))
  Logic Levels:           3  (DSP48E1=1 IBUF=1 OBUF=1)

    Location             Delay type                Incr(ns)  Path(ns)    Netlist Resource(s)
  -------------------------------------------------------------------    -------------------
    G26                                               0.000     0.000 r  c[1] (IN)
                         net (fo=0)                   0.000     0.000    c[1]
    G26                  IBUF (Prop_ibuf_I_O)         0.142     0.142 r  c_IBUF[1]_inst/O
                         net (fo=1, routed)           0.823     0.965    c_IBUF[1]
    DSP48_X0Y16          DSP48E1 (Prop_dsp48e1_C[1]_P[25])
                                                      0.256     1.221 r  result0/P[25]
                         net (fo=1, routed)           0.522     1.743    result_OBUF[25]
    N24                  OBUF (Prop_obuf_I_O)         1.308     3.051 r  result_OBUF[25]_inst/O
                         net (fo=0)                   0.000     3.051    result[25]
    N24                                                               r  result[25] (OUT)
  -------------------------------------------------------------------    -------------------

Slack:                    inf
  Source:                 c[1]
                            (input port)
  Destination:            result[23]
                            (output port)
  Path Group:             (none)
  Path Type:              Min at Fast Process Corner
  Data Path Delay:        3.053ns  (logic 1.723ns (56.439%)  route 1.330ns (43.561%))
  Logic Levels:           3  (DSP48E1=1 IBUF=1 OBUF=1)

    Location             Delay type                Incr(ns)  Path(ns)    Netlist Resource(s)
  -------------------------------------------------------------------    -------------------
    G26                                               0.000     0.000 r  c[1] (IN)
                         net (fo=0)                   0.000     0.000    c[1]
    G26                  IBUF (Prop_ibuf_I_O)         0.142     0.142 r  c_IBUF[1]_inst/O
                         net (fo=1, routed)           0.823     0.965    c_IBUF[1]
    DSP48_X0Y16          DSP48E1 (Prop_dsp48e1_C[1]_P[23])
                                                      0.256     1.221 r  result0/P[23]
                         net (fo=1, routed)           0.507     1.728    result_OBUF[23]
    M26                  OBUF (Prop_obuf_I_O)         1.325     3.053 r  result_OBUF[23]_inst/O
                         net (fo=0)                   0.000     3.053    result[23]
    M26                                                               r  result[23] (OUT)
  -------------------------------------------------------------------    -------------------

Slack:                    inf
  Source:                 c[1]
                            (input port)
  Destination:            result[21]
                            (output port)
  Path Group:             (none)
  Path Type:              Min at Fast Process Corner
  Data Path Delay:        3.054ns  (logic 1.704ns (55.801%)  route 1.350ns (44.199%))
  Logic Levels:           3  (DSP48E1=1 IBUF=1 OBUF=1)

    Location             Delay type                Incr(ns)  Path(ns)    Netlist Resource(s)
  -------------------------------------------------------------------    -------------------
    G26                                               0.000     0.000 r  c[1] (IN)
                         net (fo=0)                   0.000     0.000    c[1]
    G26                  IBUF (Prop_ibuf_I_O)         0.142     0.142 r  c_IBUF[1]_inst/O
                         net (fo=1, routed)           0.823     0.965    c_IBUF[1]
    DSP48_X0Y16          DSP48E1 (Prop_dsp48e1_C[1]_P[21])
                                                      0.256     1.221 r  result0/P[21]
                         net (fo=1, routed)           0.527     1.748    result_OBUF[21]
    P25                  OBUF (Prop_obuf_I_O)         1.306     3.054 r  result_OBUF[21]_inst/O
                         net (fo=0)                   0.000     3.054    result[21]
    P25                                                               r  result[21] (OUT)
  -------------------------------------------------------------------    -------------------

Slack:                    inf
  Source:                 c[1]
                            (input port)
  Destination:            result[29]
                            (output port)
  Path Group:             (none)
  Path Type:              Min at Fast Process Corner
  Data Path Delay:        3.057ns  (logic 1.710ns (55.935%)  route 1.347ns (44.065%))
  Logic Levels:           3  (DSP48E1=1 IBUF=1 OBUF=1)

    Location             Delay type                Incr(ns)  Path(ns)    Netlist Resource(s)
  -------------------------------------------------------------------    -------------------
    G26                                               0.000     0.000 r  c[1] (IN)
                         net (fo=0)                   0.000     0.000    c[1]
    G26                  IBUF (Prop_ibuf_I_O)         0.142     0.142 r  c_IBUF[1]_inst/O
                         net (fo=1, routed)           0.823     0.965    c_IBUF[1]
    DSP48_X0Y16          DSP48E1 (Prop_dsp48e1_C[1]_P[29])
                                                      0.256     1.221 r  result0/P[29]
                         net (fo=1, routed)           0.524     1.745    result_OBUF[29]
    P26                  OBUF (Prop_obuf_I_O)         1.312     3.057 r  result_OBUF[29]_inst/O
                         net (fo=0)                   0.000     3.057    result[29]
    P26                                                               r  result[29] (OUT)
  -------------------------------------------------------------------    -------------------

Slack:                    inf
  Source:                 c[1]
                            (input port)
  Destination:            result[27]
                            (output port)
  Path Group:             (none)
  Path Type:              Min at Fast Process Corner
  Data Path Delay:        3.063ns  (logic 1.725ns (56.312%)  route 1.338ns (43.688%))
  Logic Levels:           3  (DSP48E1=1 IBUF=1 OBUF=1)

    Location             Delay type                Incr(ns)  Path(ns)    Netlist Resource(s)
  -------------------------------------------------------------------    -------------------
    G26                                               0.000     0.000 r  c[1] (IN)
                         net (fo=0)                   0.000     0.000    c[1]
    G26                  IBUF (Prop_ibuf_I_O)         0.142     0.142 r  c_IBUF[1]_inst/O
                         net (fo=1, routed)           0.823     0.965    c_IBUF[1]
    DSP48_X0Y16          DSP48E1 (Prop_dsp48e1_C[1]_P[27])
                                                      0.256     1.221 r  result0/P[27]
                         net (fo=1, routed)           0.515     1.736    result_OBUF[27]
    L25                  OBUF (Prop_obuf_I_O)         1.327     3.063 r  result_OBUF[27]_inst/O
                         net (fo=0)                   0.000     3.063    result[27]
    L25                                                               r  result[27] (OUT)
  -------------------------------------------------------------------    -------------------





